生成启动时间为 2017/1/7 16:31:43。
     1>项目“F:\faceCapture\faceCapture\faceCapture.vcxproj”在节点 2 上(Build 个目标)。
     1>ClCompile:
         F:\VS2013\VC\bin\CL.exe /c /ZI /nologo /W3 /WX- /Od /Oy- /D WIN32 /D _DEBUG /D _CONSOLE /D _UNICODE /D UNICODE /Gm /EHsc /RTC1 /MDd /GS /fp:precise /Zc:wchar_t /Zc:forScope /Fo"Debug\\" /Fd"Debug\vc120.pdb" /Gd /TP /analyze- /errorReport:prompt main.cpp
         main.cpp
     1>f:\facecapture\facecapture\main.cpp(53): warning C4996: 'fopen': This function or variable may be unsafe. Consider using fopen_s instead. To disable deprecation, use _CRT_SECURE_NO_WARNINGS. See online help for details.
                 f:\vs2013\vc\include\stdio.h(211) : 参见“fopen”的声明
     1>f:\facecapture\facecapture\main.cpp(56): warning C4996: 'fscanf': This function or variable may be unsafe. Consider using fscanf_s instead. To disable deprecation, use _CRT_SECURE_NO_WARNINGS. See online help for details.
                 f:\vs2013\vc\include\stdio.h(230) : 参见“fscanf”的声明
     1>f:\facecapture\facecapture\main.cpp(72): warning C4996: 'strcat': This function or variable may be unsafe. Consider using strcat_s instead. To disable deprecation, use _CRT_SECURE_NO_WARNINGS. See online help for details.
                 f:\vs2013\vc\include\string.h(118) : 参见“strcat”的声明
     1>f:\facecapture\facecapture\main.cpp(73): warning C4996: 'strcpy': This function or variable may be unsafe. Consider using strcpy_s instead. To disable deprecation, use _CRT_SECURE_NO_WARNINGS. See online help for details.
                 f:\vs2013\vc\include\string.h(112) : 参见“strcpy”的声明
     1>f:\facecapture\facecapture\main.cpp(74): warning C4996: 'strcat': This function or variable may be unsafe. Consider using strcat_s instead. To disable deprecation, use _CRT_SECURE_NO_WARNINGS. See online help for details.
                 f:\vs2013\vc\include\string.h(118) : 参见“strcat”的声明
     1>f:\facecapture\facecapture\main.cpp(79): warning C4018: “<”: 有符号/无符号不匹配
     1>f:\facecapture\facecapture\main.cpp(83): warning C4996: 'strcpy': This function or variable may be unsafe. Consider using strcpy_s instead. To disable deprecation, use _CRT_SECURE_NO_WARNINGS. See online help for details.
                 f:\vs2013\vc\include\string.h(112) : 参见“strcpy”的声明
     1>f:\facecapture\facecapture\main.cpp(84): warning C4996: 'strcpy': This function or variable may be unsafe. Consider using strcpy_s instead. To disable deprecation, use _CRT_SECURE_NO_WARNINGS. See online help for details.
                 f:\vs2013\vc\include\string.h(112) : 参见“strcpy”的声明
     1>f:\facecapture\facecapture\main.cpp(85): warning C4996: 'strcat': This function or variable may be unsafe. Consider using strcat_s instead. To disable deprecation, use _CRT_SECURE_NO_WARNINGS. See online help for details.
                 f:\vs2013\vc\include\string.h(118) : 参见“strcat”的声明
     1>f:\facecapture\facecapture\main.cpp(96): warning C4996: 'strcpy': This function or variable may be unsafe. Consider using strcpy_s instead. To disable deprecation, use _CRT_SECURE_NO_WARNINGS. See online help for details.
                 f:\vs2013\vc\include\string.h(112) : 参见“strcpy”的声明
     1>f:\facecapture\facecapture\main.cpp(97): warning C4996: 'strcat': This function or variable may be unsafe. Consider using strcat_s instead. To disable deprecation, use _CRT_SECURE_NO_WARNINGS. See online help for details.
                 f:\vs2013\vc\include\string.h(118) : 参见“strcat”的声明
     1>f:\facecapture\facecapture\main.cpp(98): warning C4996: 'strcat': This function or variable may be unsafe. Consider using strcat_s instead. To disable deprecation, use _CRT_SECURE_NO_WARNINGS. See online help for details.
                 f:\vs2013\vc\include\string.h(118) : 参见“strcat”的声明
       Link:
         F:\VS2013\VC\bin\link.exe /ERRORREPORT:PROMPT /OUT:"F:\faceCapture\Debug\faceCapture.exe" /INCREMENTAL /NOLOGO /LIBPATH:F:\opencv\build\x86\vc10\lib opencv_ml249d.lib opencv_calib3d249d.lib opencv_contrib249d.lib opencv_core249d.lib opencv_features2d249d.lib opencv_flann249d.lib opencv_gpu249d.lib opencv_highgui249d.lib opencv_imgproc249d.lib opencv_legacy249d.lib opencv_objdetect249d.lib opencv_ts249d.lib opencv_video249d.lib opencv_nonfree249d.lib opencv_ocl249d.lib opencv_photo249d.lib opencv_stitching249d.lib opencv_superres249d.lib opencv_videostab249d.lib kernel32.lib user32.lib gdi32.lib winspool.lib comdlg32.lib advapi32.lib shell32.lib ole32.lib oleaut32.lib uuid.lib odbc32.lib odbccp32.lib /MANIFEST /MANIFESTUAC:"level='asInvoker' uiAccess='false'" /manifest:embed /DEBUG /PDB:"F:\faceCapture\Debug\faceCapture.pdb" /SUBSYSTEM:CONSOLE /TLBID:1 /DYNAMICBASE /NXCOMPAT /IMPLIB:"F:\faceCapture\Debug\faceCapture.lib" /MACHINE:X86 Debug\main.obj
         faceCapture.vcxproj -> F:\faceCapture\Debug\faceCapture.exe
     1>已完成生成项目“F:\faceCapture\faceCapture\faceCapture.vcxproj”(Build 个目标)的操作。

生成成功。

已用时间 00:00:05.69
